#
# There is insufficient memory for the Java Runtime Environment to continue.
# Native memory allocation (malloc) failed to allocate 32744 bytes. Error detail: ChunkPool::allocate
# Possible reasons:
#   The system is out of physical RAM or swap space
#   This process is running with CompressedOops enabled, and the Java Heap may be blocking the growth of the native heap
# Possible solutions:
#   Reduce memory load on the system
#   Increase physical memory or swap space
#   Check if swap backing store is full
#   Decrease Java heap size (-Xmx/-Xms)
#   Decrease number of Java threads
#   Decrease Java thread stack sizes (-Xss)
#   Set larger code cache with -XX:ReservedCodeCacheSize=
#   JVM is running with Unscaled Compressed Oops mode in which the Java heap is
#     placed in the first 4GB address space. The Java Heap base address is the
#     maximum limit for the native heap growth. Please use -XX:HeapBaseMinAddress
#     to set the Java Heap base and to place the Java Heap above 4GB virtual address.
# This output file may be truncated or incomplete.
#
#  Out of Memory Error (arena.cpp:79), pid=35320, tid=58676
#
# JRE version: OpenJDK Runtime Environment Temurin-17.0.16+8 (17.0.16+8) (build 17.0.16+8)
# Java VM: OpenJDK 64-Bit Server VM Temurin-17.0.16+8 (17.0.16+8, mixed mode, sharing, tiered, compressed oops, compressed class ptrs, g1 gc, windows-amd64)
# No core dump will be written. Minidumps are not enabled by default on client versions of Windows
#

---------------  S U M M A R Y ------------

Command Line: -Xmx64m -Xms64m -Dorg.gradle.appname=gradlew C:\Users\user\Desktop\Projects\bookShelfApp\android\\gradle\wrapper\gradle-wrapper.jar app:installDebug -PreactNativeDevServerPort=8081

Host: Intel(R) Core(TM) 5 120U, 12 cores, 15G,  Windows 11 , 64 bit Build 26100 (10.0.26100.7019)
Time: Fri Dec  5 20:13:02 2025  Windows 11 , 64 bit Build 26100 (10.0.26100.7019) elapsed time: 165.359280 seconds (0d 0h 2m 45s)

---------------  T H R E A D  ---------------

Current thread (0x0000020be3f4c7d0):  JavaThread "C2 CompilerThread0" daemon [_thread_in_native, id=58676, stack(0x000000eb64d00000,0x000000eb64e00000)]


Current CompileTask:
C2: 165359 2016       4       org.gradle.internal.logging.console.DefaultRedrawableLabel::redraw (163 bytes)

Stack: [0x000000eb64d00000,0x000000eb64e00000]
Native frames: (J=compiled Java code, j=interpreted, Vv=VM code, C=native code)
V  [jvm.dll+0x683169]
V  [jvm.dll+0x839ac8]
V  [jvm.dll+0x83b573]
V  [jvm.dll+0x83bbe3]
V  [jvm.dll+0x2473ff]
V  [jvm.dll+0xad09c]
V  [jvm.dll+0xad52c]
V  [jvm.dll+0x6246c1]
V  [jvm.dll+0x34bb9d]
V  [jvm.dll+0x112511]
V  [jvm.dll+0x64889f]
V  [jvm.dll+0x11238c]
V  [jvm.dll+0x34023a]
V  [jvm.dll+0x69ef36]
V  [jvm.dll+0x69e242]
V  [jvm.dll+0x699636]
V  [jvm.dll+0x693543]
V  [jvm.dll+0x692de0]
V  [jvm.dll+0x690c02]
V  [jvm.dll+0x1a619c]
V  [jvm.dll+0x2abe5c]
V  [jvm.dll+0x69b788]
V  [jvm.dll+0x693543]
V  [jvm.dll+0x692de0]
V  [jvm.dll+0x690c02]
V  [jvm.dll+0x1a619c]
V  [jvm.dll+0x1a6cf8]
V  [jvm.dll+0x1a6cf8]
V  [jvm.dll+0x2abe5c]
V  [jvm.dll+0x69b788]
V  [jvm.dll+0x693543]
V  [jvm.dll+0x692de0]
V  [jvm.dll+0x690c02]
V  [jvm.dll+0x1a619c]
V  [jvm.dll+0x217308]
V  [jvm.dll+0x1a32a0]
V  [jvm.dll+0x227b3c]
V  [jvm.dll+0x225ccb]
V  [jvm.dll+0x7ef2d8]
V  [jvm.dll+0x7e979c]
V  [jvm.dll+0x682047]
C  [ucrtbase.dll+0x37b0]
C  [KERNEL32.DLL+0x2e8d7]
C  [ntdll.dll+0x8c53c]


---------------  P R O C E S S  ---------------

Threads class SMR info:
_java_thread_list=0x0000020be824ac50, length=13, elements={
0x0000020bca0ad390, 0x0000020bca15c080, 0x0000020bca15cc40, 0x0000020be3f49600,
0x0000020be3f49fc0, 0x0000020be3f4a980, 0x0000020be3f4bae0, 0x0000020be3f4c7d0,
0x0000020be3f51610, 0x0000020be3f527b0, 0x0000020be80893d0, 0x0000020be809c940,
0x0000020be9500670
}

Java Threads: ( => current thread )
  0x0000020bca0ad390 JavaThread "main" [_thread_in_native, id=47768, stack(0x000000eb64000000,0x000000eb64100000)]
  0x0000020bca15c080 JavaThread "Reference Handler" daemon [_thread_blocked, id=13832, stack(0x000000eb64700000,0x000000eb64800000)]
  0x0000020bca15cc40 JavaThread "Finalizer" daemon [_thread_blocked, id=29156, stack(0x000000eb64800000,0x000000eb64900000)]
  0x0000020be3f49600 JavaThread "Signal Dispatcher" daemon [_thread_blocked, id=60460, stack(0x000000eb64900000,0x000000eb64a00000)]
  0x0000020be3f49fc0 JavaThread "Attach Listener" daemon [_thread_blocked, id=53912, stack(0x000000eb64a00000,0x000000eb64b00000)]
  0x0000020be3f4a980 JavaThread "Service Thread" daemon [_thread_blocked, id=17540, stack(0x000000eb64b00000,0x000000eb64c00000)]
  0x0000020be3f4bae0 JavaThread "Monitor Deflation Thread" daemon [_thread_blocked, id=38916, stack(0x000000eb64c00000,0x000000eb64d00000)]
=>0x0000020be3f4c7d0 JavaThread "C2 CompilerThread0" daemon [_thread_in_native, id=58676, stack(0x000000eb64d00000,0x000000eb64e00000)]
  0x0000020be3f51610 JavaThread "C1 CompilerThread0" daemon [_thread_blocked, id=40920, stack(0x000000eb64e00000,0x000000eb64f00000)]
  0x0000020be3f527b0 JavaThread "Sweeper thread" daemon [_thread_blocked, id=45624, stack(0x000000eb64f00000,0x000000eb65000000)]
  0x0000020be80893d0 JavaThread "Notification Thread" daemon [_thread_blocked, id=38796, stack(0x000000eb65000000,0x000000eb65100000)]
  0x0000020be809c940 JavaThread "Common-Cleaner" daemon [_thread_blocked, id=63112, stack(0x000000eb65200000,0x000000eb65300000)]
  0x0000020be9500670 JavaThread "pool-1-thread-1" [_thread_blocked, id=64700, stack(0x000000eb65800000,0x000000eb65900000)]

Other Threads:
  0x0000020bca157f50 VMThread "VM Thread" [stack: 0x000000eb64600000,0x000000eb64700000] [id=19540]
  0x0000020be80898b0 WatcherThread [stack: 0x000000eb65100000,0x000000eb65200000] [id=53812]
  0x0000020bca0ccad0 GCTaskThread "GC Thread#0" [stack: 0x000000eb64100000,0x000000eb64200000] [id=3108]
  0x0000020be824ade0 GCTaskThread "GC Thread#1" [stack: 0x000000eb65500000,0x000000eb65600000] [id=57836]
  0x0000020be843fd40 GCTaskThread "GC Thread#2" [stack: 0x000000eb65600000,0x000000eb65700000] [id=34780]
  0x0000020be8442750 GCTaskThread "GC Thread#3" [stack: 0x000000eb65700000,0x000000eb65800000] [id=63408]
  0x0000020be8c5c880 GCTaskThread "GC Thread#4" [stack: 0x000000eb65300000,0x000000eb65400000] [id=65688]
  0x0000020be94e0bc0 GCTaskThread "GC Thread#5" [stack: 0x000000eb65400000,0x000000eb65500000] [id=16264]
  0x0000020be8b97c40 GCTaskThread "GC Thread#6" [stack: 0x000000eb65900000,0x000000eb65a00000] [id=29132]
  0x0000020be90defd0 GCTaskThread "GC Thread#7" [stack: 0x000000eb65a00000,0x000000eb65b00000] [id=9924]
  0x0000020be8cc5d00 GCTaskThread "GC Thread#8" [stack: 0x000000eb65e00000,0x000000eb65f00000] [id=62408]
  0x0000020bca0ce220 ConcurrentGCThread "G1 Main Marker" [stack: 0x000000eb64200000,0x000000eb64300000] [id=16300]
  0x0000020bca0d0920 ConcurrentGCThread "G1 Conc#0" [stack: 0x000000eb64300000,0x000000eb64400000] [id=9420]
  0x0000020bca13d500 ConcurrentGCThread "G1 Refine#0" [stack: 0x000000eb64400000,0x000000eb64500000] [id=59256]
  0x0000020bca13ede0 ConcurrentGCThread "G1 Service" [stack: 0x000000eb64500000,0x000000eb64600000] [id=11928]

Threads with active compile tasks:
C2 CompilerThread0   166418 2016       4       org.gradle.internal.logging.console.DefaultRedrawableLabel::redraw (163 bytes)

VM state: not at safepoint (normal execution)

VM Mutex/Monitor currently owned by a thread: None

Heap address: 0x00000000fc000000, size: 64 MB, Compressed Oops mode: 32-bit

CDS archive(s) mapped at: [0x0000020b80000000-0x0000020b80bb0000-0x0000020b80bb0000), size 12255232, SharedBaseAddress: 0x0000020b80000000, ArchiveRelocationMode: 1.
Compressed class space mapped at: 0x0000020b81000000-0x0000020bc1000000, reserved size: 1073741824
Narrow klass base: 0x0000020b80000000, Narrow klass shift: 0, Narrow klass range: 0x100000000

GC Precious Log:
 CPUs: 12 total, 12 available
 Memory: 16064M
 Large Page Support: Disabled
 NUMA Support: Disabled
 Compressed Oops: Enabled (32-bit)
 Heap Region Size: 1M
 Heap Min Capacity: 64M
 Heap Initial Capacity: 64M
 Heap Max Capacity: 64M
 Pre-touch: Disabled
 Parallel Workers: 10
 Concurrent Workers: 3
 Concurrent Refinement Workers: 10
 Periodic GC: Disabled

Heap:
 garbage-first heap   total 65536K, used 16121K [0x00000000fc000000, 0x0000000100000000)
  region size 1024K, 6 young (6144K), 1 survivors (1024K)
 Metaspace       used 9650K, committed 9856K, reserved 1114112K
  class space    used 1253K, committed 1344K, reserved 1048576K

Heap Regions: E=young(eden), S=young(survivor), O=old, HS=humongous(starts), HC=humongous(continues), CS=collection set, F=free, OA=open archive, CA=closed archive, TAMS=top-at-mark-start (previous, next)
|   0|0x00000000fc000000, 0x00000000fc100000, 0x00000000fc100000|100%|HS|  |TAMS 0x00000000fc000000, 0x00000000fc000000| Complete 
|   1|0x00000000fc100000, 0x00000000fc200000, 0x00000000fc200000|100%|HC|  |TAMS 0x00000000fc100000, 0x00000000fc100000| Complete 
|   2|0x00000000fc200000, 0x00000000fc300000, 0x00000000fc300000|100%|HC|  |TAMS 0x00000000fc200000, 0x00000000fc200000| Complete 
|   3|0x00000000fc300000, 0x00000000fc400000, 0x00000000fc400000|100%| O|  |TAMS 0x00000000fc300000, 0x00000000fc300000| Untracked 
|   4|0x00000000fc400000, 0x00000000fc500000, 0x00000000fc500000|100%| O|  |TAMS 0x00000000fc400000, 0x00000000fc400000| Untracked 
|   5|0x00000000fc500000, 0x00000000fc600000, 0x00000000fc600000|100%| O|  |TAMS 0x00000000fc500000, 0x00000000fc500000| Untracked 
|   6|0x00000000fc600000, 0x00000000fc700000, 0x00000000fc700000|100%| O|  |TAMS 0x00000000fc600000, 0x00000000fc600000| Untracked 
|   7|0x00000000fc700000, 0x00000000fc800000, 0x00000000fc800000|100%| O|  |TAMS 0x00000000fc700000, 0x00000000fc700000| Untracked 
|   8|0x00000000fc800000, 0x00000000fc900000, 0x00000000fc900000|100%| O|  |TAMS 0x00000000fc800000, 0x00000000fc800000| Untracked 
|   9|0x00000000fc900000, 0x00000000fca00000, 0x00000000fca00000|100%| O|  |TAMS 0x00000000fc900000, 0x00000000fc900000| Untracked 
|  10|0x00000000fca00000, 0x00000000fcae2200, 0x00000000fcb00000| 88%| O|  |TAMS 0x00000000fca00000, 0x00000000fca00000| Untracked 
|  11|0x00000000fcb00000, 0x00000000fcb00000, 0x00000000fcc00000|  0%| F|  |TAMS 0x00000000fcb00000, 0x00000000fcb00000| Untracked 
|  12|0x00000000fcc00000, 0x00000000fcc00000, 0x00000000fcd00000|  0%| F|  |TAMS 0x00000000fcc00000, 0x00000000fcc00000| Untracked 
|  13|0x00000000fcd00000, 0x00000000fcd00000, 0x00000000fce00000|  0%| F|  |TAMS 0x00000000fcd00000, 0x00000000fcd00000| Untracked 
|  14|0x00000000fce00000, 0x00000000fce00000, 0x00000000fcf00000|  0%| F|  |TAMS 0x00000000fce00000, 0x00000000fce00000| Untracked 
|  15|0x00000000fcf00000, 0x00000000fcf00000, 0x00000000fd000000|  0%| F|  |TAMS 0x00000000fcf00000, 0x00000000fcf00000| Untracked 
|  16|0x00000000fd000000, 0x00000000fd000000, 0x00000000fd100000|  0%| F|  |TAMS 0x00000000fd000000, 0x00000000fd000000| Untracked 
|  17|0x00000000fd100000, 0x00000000fd100000, 0x00000000fd200000|  0%| F|  |TAMS 0x00000000fd100000, 0x00000000fd100000| Untracked 
|  18|0x00000000fd200000, 0x00000000fd200000, 0x00000000fd300000|  0%| F|  |TAMS 0x00000000fd200000, 0x00000000fd200000| Untracked 
|  19|0x00000000fd300000, 0x00000000fd300000, 0x00000000fd400000|  0%| F|  |TAMS 0x00000000fd300000, 0x00000000fd300000| Untracked 
|  20|0x00000000fd400000, 0x00000000fd400000, 0x00000000fd500000|  0%| F|  |TAMS 0x00000000fd400000, 0x00000000fd400000| Untracked 
|  21|0x00000000fd500000, 0x00000000fd500000, 0x00000000fd600000|  0%| F|  |TAMS 0x00000000fd500000, 0x00000000fd500000| Untracked 
|  22|0x00000000fd600000, 0x00000000fd600000, 0x00000000fd700000|  0%| F|  |TAMS 0x00000000fd600000, 0x00000000fd600000| Untracked 
|  23|0x00000000fd700000, 0x00000000fd700000, 0x00000000fd800000|  0%| F|  |TAMS 0x00000000fd700000, 0x00000000fd700000| Untracked 
|  24|0x00000000fd800000, 0x00000000fd800000, 0x00000000fd900000|  0%| F|  |TAMS 0x00000000fd800000, 0x00000000fd800000| Untracked 
|  25|0x00000000fd900000, 0x00000000fd900000, 0x00000000fda00000|  0%| F|  |TAMS 0x00000000fd900000, 0x00000000fd900000| Untracked 
|  26|0x00000000fda00000, 0x00000000fda00000, 0x00000000fdb00000|  0%| F|  |TAMS 0x00000000fda00000, 0x00000000fda00000| Untracked 
|  27|0x00000000fdb00000, 0x00000000fdb00000, 0x00000000fdc00000|  0%| F|  |TAMS 0x00000000fdb00000, 0x00000000fdb00000| Untracked 
|  28|0x00000000fdc00000, 0x00000000fdc00000, 0x00000000fdd00000|  0%| F|  |TAMS 0x00000000fdc00000, 0x00000000fdc00000| Untracked 
|  29|0x00000000fdd00000, 0x00000000fdd00000, 0x00000000fde00000|  0%| F|  |TAMS 0x00000000fdd00000, 0x00000000fdd00000| Untracked 
|  30|0x00000000fde00000, 0x00000000fde00000, 0x00000000fdf00000|  0%| F|  |TAMS 0x00000000fde00000, 0x00000000fde00000| Untracked 
|  31|0x00000000fdf00000, 0x00000000fdf00000, 0x00000000fe000000|  0%| F|  |TAMS 0x00000000fdf00000, 0x00000000fdf00000| Untracked 
|  32|0x00000000fe000000, 0x00000000fe000000, 0x00000000fe100000|  0%| F|  |TAMS 0x00000000fe000000, 0x00000000fe000000| Untracked 
|  33|0x00000000fe100000, 0x00000000fe100000, 0x00000000fe200000|  0%| F|  |TAMS 0x00000000fe100000, 0x00000000fe100000| Untracked 
|  34|0x00000000fe200000, 0x00000000fe200000, 0x00000000fe300000|  0%| F|  |TAMS 0x00000000fe200000, 0x00000000fe200000| Untracked 
|  35|0x00000000fe300000, 0x00000000fe300000, 0x00000000fe400000|  0%| F|  |TAMS 0x00000000fe300000, 0x00000000fe300000| Untracked 
|  36|0x00000000fe400000, 0x00000000fe4dc4a0, 0x00000000fe500000| 86%| S|CS|TAMS 0x00000000fe400000, 0x00000000fe400000| Complete 
|  37|0x00000000fe500000, 0x00000000fe500000, 0x00000000fe600000|  0%| F|  |TAMS 0x00000000fe500000, 0x00000000fe500000| Untracked 
|  38|0x00000000fe600000, 0x00000000fe600000, 0x00000000fe700000|  0%| F|  |TAMS 0x00000000fe600000, 0x00000000fe600000| Untracked 
|  39|0x00000000fe700000, 0x00000000fe700000, 0x00000000fe800000|  0%| F|  |TAMS 0x00000000fe700000, 0x00000000fe700000| Untracked 
|  40|0x00000000fe800000, 0x00000000fe800000, 0x00000000fe900000|  0%| F|  |TAMS 0x00000000fe800000, 0x00000000fe800000| Untracked 
|  41|0x00000000fe900000, 0x00000000fe900000, 0x00000000fea00000|  0%| F|  |TAMS 0x00000000fe900000, 0x00000000fe900000| Untracked 
|  42|0x00000000fea00000, 0x00000000fea00000, 0x00000000feb00000|  0%| F|  |TAMS 0x00000000fea00000, 0x00000000fea00000| Untracked 
|  43|0x00000000feb00000, 0x00000000feb00000, 0x00000000fec00000|  0%| F|  |TAMS 0x00000000feb00000, 0x00000000feb00000| Untracked 
|  44|0x00000000fec00000, 0x00000000fec00000, 0x00000000fed00000|  0%| F|  |TAMS 0x00000000fec00000, 0x00000000fec00000| Untracked 
|  45|0x00000000fed00000, 0x00000000fed00000, 0x00000000fee00000|  0%| F|  |TAMS 0x00000000fed00000, 0x00000000fed00000| Untracked 
|  46|0x00000000fee00000, 0x00000000fee00000, 0x00000000fef00000|  0%| F|  |TAMS 0x00000000fee00000, 0x00000000fee00000| Untracked 
|  47|0x00000000fef00000, 0x00000000fef00000, 0x00000000ff000000|  0%| F|  |TAMS 0x00000000fef00000, 0x00000000fef00000| Untracked 
|  48|0x00000000ff000000, 0x00000000ff000000, 0x00000000ff100000|  0%| F|  |TAMS 0x00000000ff000000, 0x00000000ff000000| Untracked 
|  49|0x00000000ff100000, 0x00000000ff100000, 0x00000000ff200000|  0%| F|  |TAMS 0x00000000ff100000, 0x00000000ff100000| Untracked 
|  50|0x00000000ff200000, 0x00000000ff200000, 0x00000000ff300000|  0%| F|  |TAMS 0x00000000ff200000, 0x00000000ff200000| Untracked 
|  51|0x00000000ff300000, 0x00000000ff300000, 0x00000000ff400000|  0%| F|  |TAMS 0x00000000ff300000, 0x00000000ff300000| Untracked 
|  52|0x00000000ff400000, 0x00000000ff400000, 0x00000000ff500000|  0%| F|  |TAMS 0x00000000ff400000, 0x00000000ff400000| Untracked 
|  53|0x00000000ff500000, 0x00000000ff500000, 0x00000000ff600000|  0%| F|  |TAMS 0x00000000ff500000, 0x00000000ff500000| Untracked 
|  54|0x00000000ff600000, 0x00000000ff600000, 0x00000000ff700000|  0%| F|  |TAMS 0x00000000ff600000, 0x00000000ff600000| Untracked 
|  55|0x00000000ff700000, 0x00000000ff700000, 0x00000000ff800000|  0%| F|  |TAMS 0x00000000ff700000, 0x00000000ff700000| Untracked 
|  56|0x00000000ff800000, 0x00000000ff800000, 0x00000000ff900000|  0%| F|  |TAMS 0x00000000ff800000, 0x00000000ff800000| Untracked 
|  57|0x00000000ff900000, 0x00000000ff900000, 0x00000000ffa00000|  0%| F|  |TAMS 0x00000000ff900000, 0x00000000ff900000| Untracked 
|  58|0x00000000ffa00000, 0x00000000ffa00000, 0x00000000ffb00000|  0%| F|  |TAMS 0x00000000ffa00000, 0x00000000ffa00000| Untracked 
|  59|0x00000000ffb00000, 0x00000000ffbff378, 0x00000000ffc00000| 99%| E|  |TAMS 0x00000000ffb00000, 0x00000000ffb00000| Complete 
|  60|0x00000000ffc00000, 0x00000000ffd00000, 0x00000000ffd00000|100%| E|CS|TAMS 0x00000000ffc00000, 0x00000000ffc00000| Complete 
|  61|0x00000000ffd00000, 0x00000000ffe00000, 0x00000000ffe00000|100%| E|CS|TAMS 0x00000000ffd00000, 0x00000000ffd00000| Complete 
|  62|0x00000000ffe00000, 0x00000000fff00000, 0x00000000fff00000|100%| E|CS|TAMS 0x00000000ffe00000, 0x00000000ffe00000| Complete 
|  63|0x00000000fff00000, 0x0000000100000000, 0x0000000100000000|100%| E|CS|TAMS 0x00000000fff00000, 0x00000000fff00000| Complete 

Card table byte_map: [0x0000020bc8220000,0x0000020bc8240000] _byte_map_base: 0x0000020bc7a40000

Marking Bits (Prev, Next): (CMBitMap*) 0x0000020bca0cd0f0, (CMBitMap*) 0x0000020bca0cd130
 Prev Bits: [0x0000020be1160000, 0x0000020be1260000)
 Next Bits: [0x0000020be1260000, 0x0000020be1360000)

Polling page: 0x0000020bc81d0000

Metaspace:

Usage:
  Non-class:      8.20 MB used.
      Class:      1.22 MB used.
       Both:      9.42 MB used.

Virtual space:
  Non-class space:       64.00 MB reserved,       8.31 MB ( 13%) committed,  1 nodes.
      Class space:        1.00 GB reserved,       1.31 MB ( <1%) committed,  1 nodes.
             Both:        1.06 GB reserved,       9.62 MB ( <1%) committed. 

Chunk freelists:
   Non-Class:  7.66 MB
       Class:  14.52 MB
        Both:  22.17 MB

MaxMetaspaceSize: unlimited
CompressedClassSpaceSize: 1.00 GB
Initial GC threshold: 21.00 MB
Current GC threshold: 21.00 MB
CDS: on
MetaspaceReclaimPolicy: balanced
 - commit_granule_bytes: 65536.
 - commit_granule_words: 8192.
 - virtual_space_node_default_size: 8388608.
 - enlarge_chunks_in_place: 1.
 - new_chunks_are_fully_committed: 0.
 - uncommit_free_chunks: 1.
 - use_allocation_guard: 0.
 - handle_deallocations: 1.


Internal statistics:

num_allocs_failed_limit: 0.
num_arena_births: 72.
num_arena_deaths: 0.
num_vsnodes_births: 2.
num_vsnodes_deaths: 0.
num_space_committed: 154.
num_space_uncommitted: 0.
num_chunks_returned_to_freelist: 0.
num_chunks_taken_from_freelist: 329.
num_chunk_merges: 0.
num_chunk_splits: 217.
num_chunks_enlarged: 180.
num_inconsistent_stats: 0.

CodeHeap 'non-profiled nmethods': size=120000Kb used=1114Kb max_used=1114Kb free=118885Kb
 bounds [0x0000020bd96d0000, 0x0000020bd9940000, 0x0000020be0c00000]
CodeHeap 'profiled nmethods': size=120000Kb used=3694Kb max_used=3694Kb free=116305Kb
 bounds [0x0000020bd1c00000, 0x0000020bd1fa0000, 0x0000020bd9130000]
CodeHeap 'non-nmethods': size=5760Kb used=1173Kb max_used=1205Kb free=4586Kb
 bounds [0x0000020bd9130000, 0x0000020bd93a0000, 0x0000020bd96d0000]
 total_blobs=2484 nmethods=2015 adapters=382
 compilation: enabled
              stopped_count=0, restarted_count=0
 full_count=0

Compilation events (20 events):
Event: 143.313 Thread 0x0000020be3f51610 nmethod 2006 0x0000020bd1f92510 code [0x0000020bd1f92d40, 0x0000020bd1f97098]
Event: 143.313 Thread 0x0000020be3f51610 2007       3       java.lang.System$2::encodeASCII (11 bytes)
Event: 143.314 Thread 0x0000020be3f51610 nmethod 2007 0x0000020bd1f98e10 code [0x0000020bd1f98fc0, 0x0000020bd1f99108]
Event: 153.410 Thread 0x0000020be3f4c7d0 2008       4       java.lang.AbstractStringBuilder::append (55 bytes)
Event: 153.426 Thread 0x0000020be3f4c7d0 nmethod 2008 0x0000020bd97e5410 code [0x0000020bd97e55c0, 0x0000020bd97e5ee8]
Event: 155.215 Thread 0x0000020be3f4c7d0 2009       4       java.util.concurrent.locks.AbstractQueuedSynchronizer$Node::setStatusRelaxed (12 bytes)
Event: 155.215 Thread 0x0000020be3f4c7d0 nmethod 2009 0x0000020bd97e6390 code [0x0000020bd97e6500, 0x0000020bd97e6578]
Event: 157.214 Thread 0x0000020be3f51610 2010   !   3       org.apache.commons.io.output.ProxyOutputStream::write (32 bytes)
Event: 157.214 Thread 0x0000020be3f51610 nmethod 2010 0x0000020bd1f99210 code [0x0000020bd1f993e0, 0x0000020bd1f998a8]
Event: 157.214 Thread 0x0000020be3f51610 2011       3       org.apache.commons.io.output.ProxyOutputStream::beforeWrite (1 bytes)
Event: 157.214 Thread 0x0000020be3f51610 nmethod 2011 0x0000020bd1f99a90 code [0x0000020bd1f99c20, 0x0000020bd1f99d38]
Event: 157.214 Thread 0x0000020be3f51610 2012   !   3       java.io.PrintStream::write (69 bytes)
Event: 157.215 Thread 0x0000020be3f51610 nmethod 2012 0x0000020bd1f99e10 code [0x0000020bd1f9a020, 0x0000020bd1f9a6f8]
Event: 157.215 Thread 0x0000020be3f51610 2013  s    3       java.io.BufferedOutputStream::write (67 bytes)
Event: 157.215 Thread 0x0000020be3f51610 nmethod 2013 0x0000020bd1f9aa10 code [0x0000020bd1f9ac20, 0x0000020bd1f9b378]
Event: 157.215 Thread 0x0000020be3f51610 2014       3       org.apache.commons.io.output.ProxyOutputStream::afterWrite (1 bytes)
Event: 157.215 Thread 0x0000020be3f51610 nmethod 2014 0x0000020bd1f9b590 code [0x0000020bd1f9b720, 0x0000020bd1f9b838]
Event: 158.615 Thread 0x0000020be3f4c7d0 2015       4       java.util.ArrayList::iterator (9 bytes)
Event: 158.616 Thread 0x0000020be3f4c7d0 nmethod 2015 0x0000020bd97e6690 code [0x0000020bd97e6820, 0x0000020bd97e6918]
Event: 162.316 Thread 0x0000020be3f4c7d0 2016       4       org.gradle.internal.logging.console.DefaultRedrawableLabel::redraw (163 bytes)

GC Heap History (6 events):
Event: 0.872 GC heap before
{Heap before GC invocations=0 (full 0):
 garbage-first heap   total 65536K, used 23552K [0x00000000fc000000, 0x0000000100000000)
  region size 1024K, 23 young (23552K), 0 survivors (0K)
 Metaspace       used 1771K, committed 1856K, reserved 1114112K
  class space    used 163K, committed 192K, reserved 1048576K
}
Event: 0.877 GC heap after
{Heap after GC invocations=1 (full 0):
 garbage-first heap   total 65536K, used 2048K [0x00000000fc000000, 0x0000000100000000)
  region size 1024K, 2 young (2048K), 2 survivors (2048K)
 Metaspace       used 1771K, committed 1856K, reserved 1114112K
  class space    used 163K, committed 192K, reserved 1048576K
}
Event: 2.041 GC heap before
{Heap before GC invocations=1 (full 0):
 garbage-first heap   total 65536K, used 35840K [0x00000000fc000000, 0x0000000100000000)
  region size 1024K, 32 young (32768K), 2 survivors (2048K)
 Metaspace       used 7837K, committed 8128K, reserved 1114112K
  class space    used 1059K, committed 1216K, reserved 1048576K
}
Event: 2.046 GC heap after
{Heap after GC invocations=2 (full 0):
 garbage-first heap   total 65536K, used 11144K [0x00000000fc000000, 0x0000000100000000)
  region size 1024K, 4 young (4096K), 4 survivors (4096K)
 Metaspace       used 7837K, committed 8128K, reserved 1114112K
  class space    used 1059K, committed 1216K, reserved 1048576K
}
Event: 56.304 GC heap before
{Heap before GC invocations=2 (full 0):
 garbage-first heap   total 65536K, used 38792K [0x00000000fc000000, 0x0000000100000000)
  region size 1024K, 31 young (31744K), 4 survivors (4096K)
 Metaspace       used 9386K, committed 9600K, reserved 1114112K
  class space    used 1224K, committed 1344K, reserved 1048576K
}
Event: 56.308 GC heap after
{Heap after GC invocations=3 (full 0):
 garbage-first heap   total 65536K, used 12025K [0x00000000fc000000, 0x0000000100000000)
  region size 1024K, 1 young (1024K), 1 survivors (1024K)
 Metaspace       used 9386K, committed 9600K, reserved 1114112K
  class space    used 1224K, committed 1344K, reserved 1048576K
}

Dll operation events (13 events):
Event: 0.023 Loaded shared library C:\Program Files\Eclipse Adoptium\jdk-17.0.16.8-hotspot\bin\java.dll
Event: 0.051 Loaded shared library C:\Program Files\Eclipse Adoptium\jdk-17.0.16.8-hotspot\bin\jsvml.dll
Event: 0.091 Loaded shared library C:\Program Files\Eclipse Adoptium\jdk-17.0.16.8-hotspot\bin\net.dll
Event: 0.095 Loaded shared library C:\Program Files\Eclipse Adoptium\jdk-17.0.16.8-hotspot\bin\nio.dll
Event: 0.099 Loaded shared library C:\Program Files\Eclipse Adoptium\jdk-17.0.16.8-hotspot\bin\zip.dll
Event: 0.819 Loaded shared library C:\Program Files\Eclipse Adoptium\jdk-17.0.16.8-hotspot\bin\jimage.dll
Event: 1.554 Loaded shared library C:\Program Files\Eclipse Adoptium\jdk-17.0.16.8-hotspot\bin\management.dll
Event: 1.558 Loaded shared library C:\Program Files\Eclipse Adoptium\jdk-17.0.16.8-hotspot\bin\management_ext.dll
Event: 1.605 Loaded shared library C:\Program Files\Eclipse Adoptium\jdk-17.0.16.8-hotspot\bin\verify.dll
Event: 1.612 Loaded shared library C:\Users\user\.gradle\native\1def1411415f61bf3af743bc5b6707747c0891f09f0c88961ee8f79bc544acac\windows-amd64\native-platform.dll
Event: 1.669 Loaded shared library C:\Users\user\.gradle\native\jansi\1.18\windows64\jansi.dll
Event: 1.956 Loaded shared library C:\Program Files\Eclipse Adoptium\jdk-17.0.16.8-hotspot\bin\extnet.dll
Event: 2.136 Loaded shared library C:\Program Files\Eclipse Adoptium\jdk-17.0.16.8-hotspot\bin\sunmscapi.dll

Deoptimization events (20 events):
Event: 105.510 Thread 0x0000020be9500670 DEOPT PACKING pc=0x0000020bd97d7194 sp=0x000000eb658fecf0
Event: 105.510 Thread 0x0000020be9500670 DEOPT UNPACKING pc=0x0000020bd91869a3 sp=0x000000eb658fecd0 mode 2
Event: 108.382 Thread 0x0000020bca0ad390 Uncommon trap: trap_request=0xffffff45 fr.pc=0x0000020bd97bfb50 relative=0x0000000000000290
Event: 108.382 Thread 0x0000020bca0ad390 Uncommon trap: reason=unstable_if action=reinterpret pc=0x0000020bd97bfb50 method=com.esotericsoftware.kryo.io.Input.readVarLong(Z)J @ 84 c2
Event: 108.382 Thread 0x0000020bca0ad390 DEOPT PACKING pc=0x0000020bd97bfb50 sp=0x000000eb640fd230
Event: 108.382 Thread 0x0000020bca0ad390 DEOPT UNPACKING pc=0x0000020bd91869a3 sp=0x000000eb640fd1d0 mode 2
Event: 118.719 Thread 0x0000020bca0ad390 Uncommon trap: trap_request=0xffffffde fr.pc=0x0000020bd97bb004 relative=0x00000000000025e4
Event: 118.719 Thread 0x0000020bca0ad390 Uncommon trap: reason=class_check action=maybe_recompile pc=0x0000020bd97bb004 method=org.gradle.internal.logging.sink.OutputEventTransformer.onOutput(Lorg/gradle/internal/logging/events/OutputEvent;)V @ 272 c2
Event: 118.720 Thread 0x0000020bca0ad390 DEOPT PACKING pc=0x0000020bd97bb004 sp=0x000000eb640fd430
Event: 118.720 Thread 0x0000020bca0ad390 DEOPT UNPACKING pc=0x0000020bd91869a3 sp=0x000000eb640fd418 mode 2
Event: 118.720 Thread 0x0000020bca0ad390 Uncommon trap: trap_request=0xffffffde fr.pc=0x0000020bd97bb004 relative=0x00000000000025e4
Event: 118.720 Thread 0x0000020bca0ad390 Uncommon trap: reason=class_check action=maybe_recompile pc=0x0000020bd97bb004 method=org.gradle.internal.logging.sink.OutputEventTransformer.onOutput(Lorg/gradle/internal/logging/events/OutputEvent;)V @ 272 c2
Event: 118.720 Thread 0x0000020bca0ad390 DEOPT PACKING pc=0x0000020bd97bb004 sp=0x000000eb640fd430
Event: 118.720 Thread 0x0000020bca0ad390 DEOPT UNPACKING pc=0x0000020bd91869a3 sp=0x000000eb640fd418 mode 2
Event: 118.720 Thread 0x0000020bca0ad390 Uncommon trap: trap_request=0xffffffde fr.pc=0x0000020bd97bb004 relative=0x00000000000025e4
Event: 118.720 Thread 0x0000020bca0ad390 Uncommon trap: reason=class_check action=maybe_recompile pc=0x0000020bd97bb004 method=org.gradle.internal.logging.sink.OutputEventTransformer.onOutput(Lorg/gradle/internal/logging/events/OutputEvent;)V @ 272 c2
Event: 118.720 Thread 0x0000020bca0ad390 DEOPT PACKING pc=0x0000020bd97bb004 sp=0x000000eb640fd430
Event: 118.720 Thread 0x0000020bca0ad390 DEOPT UNPACKING pc=0x0000020bd91869a3 sp=0x000000eb640fd418 mode 2
Event: 118.809 Thread 0x0000020be9500670 DEOPT PACKING pc=0x0000020bd1f3c677 sp=0x000000eb658fe540
Event: 118.809 Thread 0x0000020be9500670 DEOPT UNPACKING pc=0x0000020bd9187143 sp=0x000000eb658fd9d8 mode 0

Classes loaded (20 events):
Event: 105.365 Loading class jdk/internal/logger/LazyLoggers$LazyLoggerFactories
Event: 105.365 Loading class jdk/internal/logger/LazyLoggers$LazyLoggerFactories done
Event: 105.366 Loading class jdk/internal/logger/LoggerFinderLoader
Event: 105.366 Loading class jdk/internal/logger/LoggerFinderLoader done
Event: 105.366 Loading class jdk/internal/logger/LoggerFinderLoader$TemporaryLoggerFinder
Event: 105.367 Loading class jdk/internal/logger/LoggerFinderLoader$TemporaryLoggerFinder done
Event: 105.367 Loading class sun/util/logging/internal/LoggingProviderImpl$JULWrapper
Event: 105.368 Loading class sun/util/logging/PlatformLogger$ConfigurableBridge$LoggerConfiguration
Event: 105.368 Loading class sun/util/logging/PlatformLogger$ConfigurableBridge$LoggerConfiguration done
Event: 105.368 Loading class sun/util/logging/internal/LoggingProviderImpl$JULWrapper done
Event: 105.368 Loading class java/io/ObjectInputFilter
Event: 105.369 Loading class java/io/ObjectInputFilter done
Event: 105.369 Loading class java/io/ObjectInputFilter$Config$BuiltinFilterFactory
Event: 105.369 Loading class java/io/ObjectInputFilter$Config$BuiltinFilterFactory done
Event: 105.369 Loading class jdk/internal/access/JavaObjectInputFilterAccess
Event: 105.370 Loading class jdk/internal/access/JavaObjectInputFilterAccess done
Event: 105.370 Loading class java/lang/System$Logger$Level
Event: 105.370 Loading class java/lang/System$Logger$Level done
Event: 105.370 Loading class java/io/Bits
Event: 105.371 Loading class java/io/Bits done

Classes unloaded (0 events):
No events

Classes redefined (0 events):
No events

Internal exceptions (19 events):
Event: 0.226 Thread 0x0000020bca0ad390 Exception <a 'java/lang/NoSuchMethodError'{0x00000000ffc980f8}: 'int java.lang.invoke.DirectMethodHandle$Holder.invokeStaticInit(java.lang.Object, java.lang.Object)'> (0x00000000ffc980f8) 
thrown [s\src\hotspot\share\interpreter\linkResolver.cpp, line 759]
Event: 1.465 Thread 0x0000020bca0ad390 Exception <a 'java/lang/NoSuchMethodError'{0x00000000ff45fe58}: 'int java.lang.invoke.DirectMethodHandle$Holder.invokeStatic(java.lang.Object, java.lang.Object, int)'> (0x00000000ff45fe58) 
thrown [s\src\hotspot\share\interpreter\linkResolver.cpp, line 759]
Event: 1.552 Thread 0x0000020bca0ad390 Exception <a 'java/lang/NoSuchMethodError'{0x00000000ff007138}: 'java.lang.Object java.lang.invoke.DirectMethodHandle$Holder.invokeStaticInit(java.lang.Object)'> (0x00000000ff007138) 
thrown [s\src\hotspot\share\interpreter\linkResolver.cpp, line 759]
Event: 1.562 Thread 0x0000020bca0ad390 Exception <a 'java/lang/NoSuchMethodError'{0x00000000ff022550}: 'int java.lang.invoke.DirectMethodHandle$Holder.invokeSpecial(java.lang.Object, java.lang.Object, java.lang.Object)'> (0x00000000ff022550) 
thrown [s\src\hotspot\share\interpreter\linkResolver.cpp, line 759]
Event: 1.568 Thread 0x0000020bca0ad390 Exception <a 'java/lang/NoSuchMethodError'{0x00000000ff05f4f8}: 'void java.lang.invoke.DirectMethodHandle$Holder.invokeStatic(java.lang.Object, java.lang.Object)'> (0x00000000ff05f4f8) 
thrown [s\src\hotspot\share\interpreter\linkResolver.cpp, line 759]
Event: 1.570 Thread 0x0000020bca0ad390 Implicit null exception at 0x0000020bd9737d8a to 0x0000020bd97382cc
Event: 1.620 Thread 0x0000020bca0ad390 Exception <a 'java/lang/NoSuchMethodError'{0x00000000fee0d010}: 'java.lang.Object java.lang.invoke.Invokers$Holder.invoker(java.lang.Object, java.lang.Object, java.lang.Object)'> (0x00000000fee0d010) 
thrown [s\src\hotspot\share\interpreter\linkResolver.cpp, line 759]
Event: 1.621 Thread 0x0000020bca0ad390 Exception <a 'java/lang/NoSuchMethodError'{0x00000000fee16168}: 'java.lang.Object java.lang.invoke.DirectMethodHandle$Holder.invokeStatic(java.lang.Object, java.lang.Object, int)'> (0x00000000fee16168) 
thrown [s\src\hotspot\share\interpreter\linkResolver.cpp, line 759]
Event: 1.624 Thread 0x0000020bca0ad390 Exception <a 'java/lang/NoSuchMethodError'{0x00000000fee21e58}: 'void java.lang.invoke.DelegatingMethodHandle$Holder.delegate(java.lang.Object, java.lang.Object, int, java.lang.Object)'> (0x00000000fee21e58) 
thrown [s\src\hotspot\share\interpreter\linkResolver.cpp, line 759]
Event: 1.626 Thread 0x0000020bca0ad390 Exception <a 'java/lang/NoSuchMethodError'{0x00000000fee354a0}: 'java.lang.Object java.lang.invoke.Invokers$Holder.invokeExact_MT(java.lang.Object, java.lang.Object, java.lang.Object, java.lang.Object)'> (0x00000000fee354a0) 
thrown [s\src\hotspot\share\interpreter\linkResolver.cpp, line 759]
Event: 1.644 Thread 0x0000020bca0ad390 Exception <a 'java/lang/NoSuchMethodError'{0x00000000fee5b580}: 'java.lang.Object java.lang.invoke.DirectMethodHandle$Holder.invokeVirtual(java.lang.Object, java.lang.Object, java.lang.Object)'> (0x00000000fee5b580) 
thrown [s\src\hotspot\share\interpreter\linkResolver.cpp, line 759]
Event: 1.748 Thread 0x0000020bca0ad390 Exception <a 'java/lang/NoSuchMethodError'{0x00000000fea4df58}: 'java.lang.Object java.lang.invoke.DirectMethodHandle$Holder.newInvokeSpecial(java.lang.Object, java.lang.Object, java.lang.Object, java.lang.Object, java.lang.Object)'> (0x00000000fea4df58) 
thrown [s\src\hotspot\share\interpreter\linkResolver.cpp, line 759]
Event: 1.775 Thread 0x0000020bca0ad390 Exception <a 'java/lang/NoSuchMethodError'{0x00000000fe981bb8}: 'void java.lang.invoke.DirectMethodHandle$Holder.invokeSpecial(java.lang.Object, java.lang.Object, java.lang.Object)'> (0x00000000fe981bb8) 
thrown [s\src\hotspot\share\interpreter\linkResolver.cpp, line 759]
Event: 1.778 Thread 0x0000020bca0ad390 Implicit null exception at 0x0000020bd971c38f to 0x0000020bd971c8d0
Event: 1.957 Thread 0x0000020bca0ad390 Exception <a 'java/lang/NoSuchMethodError'{0x00000000fe413ac0}: 'void java.lang.invoke.DirectMethodHandle$Holder.invokeStatic(java.lang.Object, java.lang.Object, java.lang.Object)'> (0x00000000fe413ac0) 
thrown [s\src\hotspot\share\interpreter\linkResolver.cpp, line 759]
Event: 2.031 Thread 0x0000020bca0ad390 Exception <a 'java/lang/NoSuchMethodError'{0x00000000fe0f9480}: 'java.lang.Object java.lang.invoke.DirectMethodHandle$Holder.invokeStaticInit(java.lang.Object, int, int, int, int)'> (0x00000000fe0f9480) 
thrown [s\src\hotspot\share\interpreter\linkResolver.cpp, line 759]
Event: 2.078 Thread 0x0000020bca0ad390 Exception <a 'java/lang/NoSuchMethodError'{0x00000000fff43250}: 'java.lang.Object java.lang.invoke.DirectMethodHandle$Holder.invokeStaticInit(java.lang.Object, java.lang.Object, int, int, int, int)'> (0x00000000fff43250) 
thrown [s\src\hotspot\share\interpreter\linkResolver.cpp, line 759]
Event: 2.094 Thread 0x0000020bca0ad390 Implicit null exception at 0x0000020bd971ae72 to 0x0000020bd971b448
Event: 11.438 Thread 0x0000020bca0ad390 Implicit null exception at 0x0000020bd97a200c to 0x0000020bd97a6240

VM Operations (20 events):
Event: 107.489 Executing VM operation: Cleanup
Event: 107.489 Executing VM operation: Cleanup done
Event: 108.495 Executing VM operation: Cleanup
Event: 108.495 Executing VM operation: Cleanup done
Event: 112.515 Executing VM operation: Cleanup
Event: 112.515 Executing VM operation: Cleanup done
Event: 114.522 Executing VM operation: Cleanup
Event: 114.522 Executing VM operation: Cleanup done
Event: 119.548 Executing VM operation: Cleanup
Event: 119.548 Executing VM operation: Cleanup done
Event: 120.249 Executing VM operation: HandshakeAllThreads
Event: 120.249 Executing VM operation: HandshakeAllThreads done
Event: 136.396 Executing VM operation: Cleanup
Event: 136.397 Executing VM operation: Cleanup done
Event: 146.476 Executing VM operation: Cleanup
Event: 146.476 Executing VM operation: Cleanup done
Event: 158.548 Executing VM operation: Cleanup
Event: 158.548 Executing VM operation: Cleanup done
Event: 159.555 Executing VM operation: Cleanup
Event: 159.555 Executing VM operation: Cleanup done

Memory protections (0 events):
No events

Nmethod flushes (0 events):
No events

Events (20 events):
Event: 0.054 Thread 0x0000020bca0ad390 Thread added: 0x0000020bca15c080
Event: 0.054 Thread 0x0000020bca0ad390 Thread added: 0x0000020bca15cc40
Event: 0.069 Thread 0x0000020bca0ad390 Thread added: 0x0000020be3f49600
Event: 0.069 Thread 0x0000020bca0ad390 Thread added: 0x0000020be3f49fc0
Event: 0.069 Thread 0x0000020bca0ad390 Thread added: 0x0000020be3f4a980
Event: 0.069 Thread 0x0000020bca0ad390 Thread added: 0x0000020be3f4bae0
Event: 0.069 Thread 0x0000020bca0ad390 Thread added: 0x0000020be3f4c7d0
Event: 0.069 Thread 0x0000020bca0ad390 Thread added: 0x0000020be3f51610
Event: 0.069 Thread 0x0000020bca0ad390 Thread added: 0x0000020be3f527b0
Event: 0.081 Thread 0x0000020bca0ad390 Thread added: 0x0000020be80893d0
Event: 0.083 Thread 0x0000020bca0ad390 Thread added: 0x0000020be809c940
Event: 0.819 Thread 0x0000020be3f51610 Thread added: 0x0000020be827fd50
Event: 0.819 Thread 0x0000020be3f51610 Thread added: 0x0000020be8280270
Event: 1.703 Thread 0x0000020bca0ad390 Thread added: 0x0000020be9500670
Event: 1.952 Thread 0x0000020be8280270 Thread exited: 0x0000020be8280270
Event: 1.952 Thread 0x0000020be827fd50 Thread exited: 0x0000020be827fd50
Event: 10.103 Thread 0x0000020be3f4c7d0 Thread added: 0x0000020be8cf9c10
Event: 10.111 Thread 0x0000020be8cf9c10 Thread added: 0x0000020be954e800
Event: 10.327 Thread 0x0000020be954e800 Thread exited: 0x0000020be954e800
Event: 10.916 Thread 0x0000020be8cf9c10 Thread exited: 0x0000020be8cf9c10


Dynamic libraries:
0x00007ff68f640000 - 0x00007ff68f64e000 	C:\Program Files\Eclipse Adoptium\jdk-17.0.16.8-hotspot\bin\java.exe
0x00007ff9e7560000 - 0x00007ff9e77c8000 	C:\Windows\SYSTEM32\ntdll.dll
0x00007ff9e6480000 - 0x00007ff9e6549000 	C:\Windows\System32\KERNEL32.DLL
0x00007ff9e48e0000 - 0x00007ff9e4cd8000 	C:\Windows\System32\KERNELBASE.dll
0x00007ff9e4d10000 - 0x00007ff9e4e5b000 	C:\Windows\System32\ucrtbase.dll
0x00007ff9cad70000 - 0x00007ff9cad8e000 	C:\Program Files\Eclipse Adoptium\jdk-17.0.16.8-hotspot\bin\VCRUNTIME140.dll
0x00007ff9cad90000 - 0x00007ff9cada7000 	C:\Program Files\Eclipse Adoptium\jdk-17.0.16.8-hotspot\bin\jli.dll
0x00007ff9e5300000 - 0x00007ff9e54c7000 	C:\Windows\System32\USER32.dll
0x00007ff9e4ce0000 - 0x00007ff9e4d07000 	C:\Windows\System32\win32u.dll
0x00007ff9e7070000 - 0x00007ff9e709b000 	C:\Windows\System32\GDI32.dll
0x00007ff9e51d0000 - 0x00007ff9e52fc000 	C:\Windows\System32\gdi32full.dll
0x00007ff9e4e60000 - 0x00007ff9e4f03000 	C:\Windows\System32\msvcp_win.dll
0x00007ff9ca2d0000 - 0x00007ff9ca564000 	C:\Windows\WinSxS\amd64_microsoft.windows.common-controls_6595b64144ccf1df_6.0.26100.7019_none_3e06ffa0e335b8a8\COMCTL32.dll
0x00007ff9e6140000 - 0x00007ff9e61e9000 	C:\Windows\System32\msvcrt.dll
0x00007ff9e7220000 - 0x00007ff9e7251000 	C:\Windows\System32\IMM32.DLL
0x00007ff9c9780000 - 0x00007ff9c978c000 	C:\Program Files\Eclipse Adoptium\jdk-17.0.16.8-hotspot\bin\vcruntime140_1.dll
0x00007ff990e60000 - 0x00007ff990eed000 	C:\Program Files\Eclipse Adoptium\jdk-17.0.16.8-hotspot\bin\msvcp140.dll
0x00007ff93feb0000 - 0x00007ff940b1b000 	C:\Program Files\Eclipse Adoptium\jdk-17.0.16.8-hotspot\bin\server\jvm.dll
0x00007ff9e61f0000 - 0x00007ff9e62a4000 	C:\Windows\System32\ADVAPI32.dll
0x00007ff9e63d0000 - 0x00007ff9e6476000 	C:\Windows\System32\sechost.dll
0x00007ff9e55e0000 - 0x00007ff9e56f8000 	C:\Windows\System32\RPCRT4.dll
0x00007ff9e7180000 - 0x00007ff9e71f4000 	C:\Windows\System32\WS2_32.dll
0x00007ff9d2bc0000 - 0x00007ff9d2bcb000 	C:\Windows\SYSTEM32\VERSION.dll
0x00007ff9e4510000 - 0x00007ff9e456e000 	C:\Windows\SYSTEM32\POWRPROF.dll
0x00007ff9db5d0000 - 0x00007ff9db605000 	C:\Windows\SYSTEM32\WINMM.dll
0x00007ff9e44f0000 - 0x00007ff9e4504000 	C:\Windows\SYSTEM32\UMPDC.dll
0x00007ff9e33d0000 - 0x00007ff9e33eb000 	C:\Windows\SYSTEM32\kernel.appcore.dll
0x00007ff9c9430000 - 0x00007ff9c943a000 	C:\Program Files\Eclipse Adoptium\jdk-17.0.16.8-hotspot\bin\jimage.dll
0x00007ff9e1ca0000 - 0x00007ff9e1ee2000 	C:\Windows\SYSTEM32\DBGHELP.DLL
0x00007ff9e6550000 - 0x00007ff9e68db000 	C:\Windows\System32\combase.dll
0x00007ff9e70a0000 - 0x00007ff9e7177000 	C:\Windows\System32\OLEAUT32.dll
0x00007ff9af9d0000 - 0x00007ff9afa0c000 	C:\Windows\SYSTEM32\dbgcore.DLL
0x00007ff9e46b0000 - 0x00007ff9e4755000 	C:\Windows\System32\bcryptPrimitives.dll
0x00007ff9b7c00000 - 0x00007ff9b7c25000 	C:\Program Files\Eclipse Adoptium\jdk-17.0.16.8-hotspot\bin\java.dll
0x00007ff989320000 - 0x00007ff9893f7000 	C:\Program Files\Eclipse Adoptium\jdk-17.0.16.8-hotspot\bin\jsvml.dll
0x00007ff9e5970000 - 0x00007ff9e60bf000 	C:\Windows\System32\SHELL32.dll
0x00007ff9e4fa0000 - 0x00007ff9e510b000 	C:\Windows\System32\wintypes.dll
0x00007ff9e2290000 - 0x00007ff9e2aed000 	C:\Windows\SYSTEM32\windows.storage.dll
0x00007ff9e7260000 - 0x00007ff9e7352000 	C:\Windows\System32\SHCORE.dll
0x00007ff9e60d0000 - 0x00007ff9e6137000 	C:\Windows\System32\shlwapi.dll
0x00007ff9e45d0000 - 0x00007ff9e45f9000 	C:\Windows\SYSTEM32\profapi.dll
0x00007ff9c93c0000 - 0x00007ff9c93d9000 	C:\Program Files\Eclipse Adoptium\jdk-17.0.16.8-hotspot\bin\net.dll
0x00007ff9d5f20000 - 0x00007ff9d6048000 	C:\Windows\SYSTEM32\WINHTTP.dll
0x00007ff9e3980000 - 0x00007ff9e39eb000 	C:\Windows\system32\mswsock.dll
0x00007ff9c91c0000 - 0x00007ff9c91d6000 	C:\Program Files\Eclipse Adoptium\jdk-17.0.16.8-hotspot\bin\nio.dll
0x00007ff9c8630000 - 0x00007ff9c8648000 	C:\Program Files\Eclipse Adoptium\jdk-17.0.16.8-hotspot\bin\zip.dll
0x00007ff9c87b0000 - 0x00007ff9c87ba000 	C:\Program Files\Eclipse Adoptium\jdk-17.0.16.8-hotspot\bin\management.dll
0x00007ff9c8450000 - 0x00007ff9c845b000 	C:\Program Files\Eclipse Adoptium\jdk-17.0.16.8-hotspot\bin\management_ext.dll
0x00007ff9e7200000 - 0x00007ff9e7208000 	C:\Windows\System32\PSAPI.DLL
0x00007ff9c9420000 - 0x00007ff9c9430000 	C:\Program Files\Eclipse Adoptium\jdk-17.0.16.8-hotspot\bin\verify.dll
0x00007ff9cb870000 - 0x00007ff9cb897000 	C:\Users\user\.gradle\native\1def1411415f61bf3af743bc5b6707747c0891f09f0c88961ee8f79bc544acac\windows-amd64\native-platform.dll
0x00007ff9d3170000 - 0x00007ff9d317a000 	C:\Users\user\.gradle\native\jansi\1.18\windows64\jansi.dll
0x00007ff9e2f70000 - 0x00007ff9e2fa4000 	C:\Windows\SYSTEM32\IPHLPAPI.DLL
0x00007ff9e7210000 - 0x00007ff9e721a000 	C:\Windows\System32\NSI.dll
0x00007ff9db5a0000 - 0x00007ff9db5be000 	C:\Windows\SYSTEM32\dhcpcsvc6.DLL
0x00007ff9db570000 - 0x00007ff9db593000 	C:\Windows\SYSTEM32\dhcpcsvc.DLL
0x00007ff9e2fb0000 - 0x00007ff9e30dc000 	C:\Windows\SYSTEM32\DNSAPI.dll
0x00007ff9c8440000 - 0x00007ff9c8449000 	C:\Program Files\Eclipse Adoptium\jdk-17.0.16.8-hotspot\bin\extnet.dll
0x00007ff9e3d70000 - 0x00007ff9e3d8b000 	C:\Windows\SYSTEM32\CRYPTSP.dll
0x00007ff9e3390000 - 0x00007ff9e33ca000 	C:\Windows\system32\rsaenh.dll
0x00007ff9e3a30000 - 0x00007ff9e3a5b000 	C:\Windows\SYSTEM32\USERENV.dll
0x00007ff9e45a0000 - 0x00007ff9e45ca000 	C:\Windows\SYSTEM32\bcrypt.dll
0x00007ff9e3bd0000 - 0x00007ff9e3bdc000 	C:\Windows\SYSTEM32\CRYPTBASE.dll
0x00007ff9c8400000 - 0x00007ff9c840e000 	C:\Program Files\Eclipse Adoptium\jdk-17.0.16.8-hotspot\bin\sunmscapi.dll
0x00007ff9e4760000 - 0x00007ff9e48d7000 	C:\Windows\System32\CRYPT32.dll
0x00007ff9e3ec0000 - 0x00007ff9e3ef0000 	C:\Windows\SYSTEM32\ncrypt.dll
0x00007ff9e3e70000 - 0x00007ff9e3eaf000 	C:\Windows\SYSTEM32\NTASN1.dll
0x00007ff9b6b10000 - 0x00007ff9b6b18000 	C:\Windows\system32\wshunix.dll

dbghelp: loaded successfully - version: 4.0.5 - missing functions: none
symbol engine: initialized successfully - sym options: 0x614 - pdb path: .;C:\Program Files\Eclipse Adoptium\jdk-17.0.16.8-hotspot\bin;C:\Windows\SYSTEM32;C:\Windows\WinSxS\amd64_microsoft.windows.common-controls_6595b64144ccf1df_6.0.26100.7019_none_3e06ffa0e335b8a8;C:\Program Files\Eclipse Adoptium\jdk-17.0.16.8-hotspot\bin\server;C:\Users\user\.gradle\native\1def1411415f61bf3af743bc5b6707747c0891f09f0c88961ee8f79bc544acac\windows-amd64;C:\Users\user\.gradle\native\jansi\1.18\windows64

VM Arguments:
jvm_args: -Xmx64m -Xms64m -Dorg.gradle.appname=gradlew 
java_command: C:\Users\user\Desktop\Projects\bookShelfApp\android\\gradle\wrapper\gradle-wrapper.jar app:installDebug -PreactNativeDevServerPort=8081
java_class_path (initial): C:\Users\user\Desktop\Projects\bookShelfApp\android\\gradle\wrapper\gradle-wrapper.jar
Launcher Type: SUN_STANDARD

[Global flags]
     intx CICompilerCount                          = 4                                         {product} {ergonomic}
     uint ConcGCThreads                            = 3                                         {product} {ergonomic}
     uint G1ConcRefinementThreads                  = 10                                        {product} {ergonomic}
   size_t G1HeapRegionSize                         = 1048576                                   {product} {ergonomic}
    uintx GCDrainStackTargetSize                   = 64                                        {product} {ergonomic}
   size_t InitialHeapSize                          = 67108864                                  {product} {command line}
   size_t MarkStackSize                            = 4194304                                   {product} {ergonomic}
   size_t MaxHeapSize                              = 67108864                                  {product} {command line}
   size_t MaxNewSize                               = 39845888                                  {product} {ergonomic}
   size_t MinHeapDeltaBytes                        = 1048576                                   {product} {ergonomic}
   size_t MinHeapSize                              = 67108864                                  {product} {command line}
    uintx NonNMethodCodeHeapSize                   = 5839372                                {pd product} {ergonomic}
    uintx NonProfiledCodeHeapSize                  = 122909434                              {pd product} {ergonomic}
    uintx ProfiledCodeHeapSize                     = 122909434                              {pd product} {ergonomic}
    uintx ReservedCodeCacheSize                    = 251658240                              {pd product} {ergonomic}
     bool SegmentedCodeCache                       = true                                      {product} {ergonomic}
   size_t SoftMaxHeapSize                          = 67108864                               {manageable} {ergonomic}
     bool UseCompressedClassPointers               = true                           {product lp64_product} {ergonomic}
     bool UseCompressedOops                        = true                           {product lp64_product} {ergonomic}
     bool UseG1GC                                  = true                                      {product} {ergonomic}
     bool UseLargePagesIndividualAllocation        = false                                  {pd product} {ergonomic}

Logging:
Log output configuration:
 #0: stdout all=warning uptime,level,tags
 #1: stderr all=off uptime,level,tags

Environment Variables:
JAVA_HOME=C:\Program Files\Eclipse Adoptium\jdk-17.0.16.8-hotspot
PATH=C:\Users\user\Desktop\Projects\bookShelfApp\node_modules\.bin;C:\Users\user\Desktop\Projects\bookShelfApp\node_modules\.bin;C:\Users\user\Desktop\Projects\node_modules\.bin;C:\Users\user\Desktop\node_modules\.bin;C:\Users\user\node_modules\.bin;C:\Users\node_modules\.bin;C:\node_modules\.bin;C:\Program Files\nodejs\node_modules\npm\node_modules\@npmcli\run-script\lib\node-gyp-bin;C:\Program Files\Eclipse Adoptium\jdk-17.0.16.8-hotspot\bin;C:\Program Files\Eclipse Adoptium\jdk-25.0.0.36-hotspot\bin;C:\app\user\product\21c\dbhomeXE\bin;C:\Windows\system32;C:\Windows;C:\Windows\System32\Wbem;C:\Windows\System32\WindowsPowerShell\v1.0\;C:\Windows\System32\OpenSSH\;C:\Program Files (x86)\Windows Live\Shared;C:\Users\user\Downloads\netcat-win32-1.11\netcat-1.11;C:\Program Files\Git\cmd;C:\Program Files\Docker\Docker\resources\bin;C:\Program Files\Eclipse Adoptium\jdk-17.0.16.8-hotspot\bin;C:\Users\user\AppData\Local\Android\Sdk\platform-tools;C:\Users\user\AppData\Local\Android\Sdk\emulator;C:\Users\user\AppData\Local\Android\Sdk\tools;C:\Users\user\AppData\Local\Android\Sdk\tools\bin;C:\Program Files\nodejs\;C:\Program Files (x86)\Windows Kits\10\Windows Performance Toolkit\;C:\Users\user\AppData\Local\Programs\Python\Python313\Scripts\;C:\Users\user\AppData\Local\Programs\Python\Python313\;C:\Users\user\AppData\Local\Programs\Python\Python312\Scripts\;C:\Users\user\AppData\Local\Programs\Python\Python312\;C:\Users\user\AppData\Local\Programs\Python\Launcher\;C:\Users\user\AppData\Local\Microsoft\WindowsApps;C:\Users\user\AppData\Local\Programs\Microsoft VS Code\bin;C:\Users\user\AppData\Local\gitkraken\bin;C:\Users\user\AppData\Local\Programs\cursor\resources\app\bin;C:\Users\user\AppData\Roaming\npm;C:\Users\user\AppData\Local\Python\bin
USERNAME=user
LANG=en_US.UTF-8
OS=Windows_NT
PROCESSOR_IDENTIFIER=Intel64 Family 6 Model 186 Stepping 3, GenuineIntel
TMP=C:\Users\user\AppData\Local\Temp
TEMP=C:\Users\user\AppData\Local\Temp



Periodic native trim disabled


---------------  S Y S T E M  ---------------

OS:
Call to GetFileVersionInfo failed
OS uptime: 18 days 23:59 hours
Hyper-V role detected

CPU: total 12 (initial active 12) (6 cores per cpu, 2 threads per core) family 6 model 186 stepping 3 microcode 0x411f, cx8, cmov, fxsr, ht, mmx, 3dnowpref, sse, sse2, sse3, ssse3, sse4.1, sse4.2, popcnt, lzcnt, tsc, tscinvbit, avx, avx2, aes, erms, clmul, bmi1, bmi2, adx, sha, fma, vzeroupper, clflush, clflushopt, clwb, hv
Processor Information for processor 0
  Max Mhz: 1400, Current Mhz: 1400, Mhz Limit: 1400
Processor Information for processor 1
  Max Mhz: 1400, Current Mhz: 1400, Mhz Limit: 1400
Processor Information for processor 2
  Max Mhz: 1400, Current Mhz: 1400, Mhz Limit: 1400
Processor Information for processor 3
  Max Mhz: 1400, Current Mhz: 1400, Mhz Limit: 1400
Processor Information for processor 4
  Max Mhz: 1400, Current Mhz: 900, Mhz Limit: 896
Processor Information for processor 5
  Max Mhz: 1400, Current Mhz: 900, Mhz Limit: 896
Processor Information for processor 6
  Max Mhz: 1400, Current Mhz: 900, Mhz Limit: 896
Processor Information for processor 7
  Max Mhz: 1400, Current Mhz: 900, Mhz Limit: 896
Processor Information for processor 8
  Max Mhz: 1400, Current Mhz: 900, Mhz Limit: 896
Processor Information for processor 9
  Max Mhz: 1400, Current Mhz: 900, Mhz Limit: 896
Processor Information for processor 10
  Max Mhz: 1400, Current Mhz: 900, Mhz Limit: 896
Processor Information for processor 11
  Max Mhz: 1400, Current Mhz: 900, Mhz Limit: 896

Memory: 4k page, system-wide physical 16064M (2008M free)
TotalPageFile size 65216M (AvailPageFile size 0M)
current process WorkingSet (physical memory assigned to process): 110M, peak: 117M
current process commit charge ("private bytes"): 169M, peak: 181M

vm_info: OpenJDK 64-Bit Server VM (17.0.16+8) for windows-amd64 JRE (17.0.16+8), built on Jul 16 2025 10:37:56 by "admin" with MS VC++ 17.7 (VS2022)

END.
